Build started 10/12/2016 11:05:35 PM.
     1>Project "C:\User\Jimmy\School Note\VisualStudio\CSE1325\Homework_5\Homework_5\Homework_5.vcxproj" on node 2 (build target(s)).
     1>InitializeBuildStatus:
         Touching "Debug\Homework_5.unsuccessfulbuild".
       ClCompile:
         All outputs are up-to-date.
         c:\Program Files (x86)\Microsoft Visual Studio 10.0\VC\bin\CL.exe /c /ZI /nologo /W3 /WX- /Od /Oy- /D WIN32 /D _DEBUG /D _CONSOLE /D _UNICODE /D UNICODE /Gm /EHsc /RTC1 /MDd /GS /fp:precise /Zc:wchar_t /Zc:forScope /Yu"StdAfx.h" /Fp"Debug\Homework_5.pch" /Fo"Debug\\" /Fd"Debug\vc100.pdb" /Gd /TP /analyze- /errorReport:prompt Arm.cpp Battery.cpp Head.cpp Locomotor.cpp RobotPart.cpp Torso.cpp
         RobotPart.cpp
         Battery.cpp
         Generating Code...
         Skipping... (no relevant changes detected)
         Torso.cpp
         Locomotor.cpp
         Head.cpp
         Arm.cpp
       ManifestResourceCompile:
         All outputs are up-to-date.
       Link:
         c:\Program Files (x86)\Microsoft Visual Studio 10.0\VC\bin\link.exe /ERRORREPORT:PROMPT /OUT:"C:\User\Jimmy\School Note\VisualStudio\CSE1325\Homework_5\Debug\Homework_5.exe" /INCREMENTAL /NOLOGO kernel32.lib user32.lib gdi32.lib winspool.lib comdlg32.lib advapi32.lib shell32.lib ole32.lib oleaut32.lib uuid.lib odbc32.lib odbccp32.lib /MANIFEST /ManifestFile:"Debug\Homework_5.exe.intermediate.manifest" /MANIFESTUAC:"level='asInvoker' uiAccess='false'" /DEBUG /PDB:"C:\User\Jimmy\School Note\VisualStudio\CSE1325\Homework_5\Debug\Homework_5.pdb" /SUBSYSTEM:CONSOLE /TLBID:1 /DYNAMICBASE /NXCOMPAT /IMPLIB:"C:\User\Jimmy\School Note\VisualStudio\CSE1325\Homework_5\Debug\Homework_5.lib" /MACHINE:X86 Debug\Homework_5.exe.embed.manifest.res
         Debug\Arm.obj
         Debug\Battery.obj
         Debug\Customer.obj
         Debug\Head.obj
         Debug\Homework_5.obj
         Debug\Locomotor.obj
         Debug\Product.obj
         Debug\RobotModel.obj
         Debug\RobotPart.obj
         Debug\SalesAssoc.obj
         Debug\SalesOrder.obj
         Debug\stdafx.obj
         Debug\Torso.obj
       Manifest:
         C:\Program Files (x86)\Microsoft SDKs\Windows\v7.0A\bin\mt.exe /nologo /verbose /out:"Debug\Homework_5.exe.embed.manifest" /manifest Debug\Homework_5.exe.intermediate.manifest
         All outputs are up-to-date.
       LinkEmbedManifest:
         All outputs are up-to-date.
         Homework_5.vcxproj -> C:\User\Jimmy\School Note\VisualStudio\CSE1325\Homework_5\Debug\Homework_5.exe
       FinalizeBuildStatus:
         Deleting file "Debug\Homework_5.unsuccessfulbuild".
         Touching "Debug\Homework_5.lastbuildstate".
     1>Done Building Project "C:\User\Jimmy\School Note\VisualStudio\CSE1325\Homework_5\Homework_5\Homework_5.vcxproj" (build target(s)).

Build succeeded.

Time Elapsed 00:00:00.75
