C:\USER\JIMMY\HOMEWORK_5\DEBUG\.NETFRAMEWORK,VERSION=V4.0.ASSEMBLYATTRIBUTES.OBJ
C:\USER\JIMMY\HOMEWORK_5\DEBUG\ARM.OBJ
C:\USER\JIMMY\HOMEWORK_5\DEBUG\BATTERY.OBJ
C:\User\Jimmy\Homework_5\Debug\cl.command.1.tlog
C:\User\Jimmy\Homework_5\Debug\CL.read.1.tlog
C:\User\Jimmy\Homework_5\Debug\CL.write.1.tlog
C:\User\Jimmy\Homework_5\Debug\CRYPT32.DLL.bi
C:\USER\JIMMY\HOMEWORK_5\DEBUG\CUSTOMER.OBJ
C:\USER\JIMMY\HOMEWORK_5\DEBUG\HEAD.OBJ
C:\USER\JIMMY\HOMEWORK_5\DEBUG\HOMEWORK_5.EXE
C:\USER\JIMMY\HOMEWORK_5\DEBUG\HOMEWORK_5.EXE.INTERMEDIATE.MANIFEST
C:\User\Jimmy\Homework_5\Debug\Homework_5.exe.metagen
C:\USER\JIMMY\HOMEWORK_5\DEBUG\HOMEWORK_5.ILK
C:\USER\JIMMY\HOMEWORK_5\DEBUG\HOMEWORK_5.OBJ
C:\USER\JIMMY\HOMEWORK_5\DEBUG\HOMEWORK_5.PCH
C:\USER\JIMMY\HOMEWORK_5\DEBUG\HOMEWORK_5.PDB
C:\USER\JIMMY\HOMEWORK_5\DEBUG\HOMEWORK_5.RES
C:\User\Jimmy\Homework_5\Debug\Homework_5.vcxprojResolveAssemblyReference.cache
C:\User\Jimmy\Homework_5\Debug\Homework_5.write.1.tlog
C:\USER\JIMMY\HOMEWORK_5\DEBUG\INVENTORY.OBJ
C:\User\Jimmy\Homework_5\Debug\link.10600.read.1.tlog
C:\User\Jimmy\Homework_5\Debug\link.10600.write.1.tlog
C:\User\Jimmy\Homework_5\Debug\link.10600-cvtres.read.1.tlog
C:\User\Jimmy\Homework_5\Debug\link.10600-cvtres.write.1.tlog
C:\User\Jimmy\Homework_5\Debug\link.11548.read.1.tlog
C:\User\Jimmy\Homework_5\Debug\link.11548.write.1.tlog
C:\User\Jimmy\Homework_5\Debug\link.11548-cvtres.read.1.tlog
C:\User\Jimmy\Homework_5\Debug\link.11548-cvtres.write.1.tlog
C:\User\Jimmy\Homework_5\Debug\link.11624.read.1.tlog
C:\User\Jimmy\Homework_5\Debug\link.11624.write.1.tlog
C:\User\Jimmy\Homework_5\Debug\link.11624-cvtres.read.1.tlog
C:\User\Jimmy\Homework_5\Debug\link.11624-cvtres.write.1.tlog
C:\User\Jimmy\Homework_5\Debug\link.11676.read.1.tlog
C:\User\Jimmy\Homework_5\Debug\link.11676.write.1.tlog
C:\User\Jimmy\Homework_5\Debug\link.11676-cvtres.read.1.tlog
C:\User\Jimmy\Homework_5\Debug\link.11676-cvtres.write.1.tlog
C:\User\Jimmy\Homework_5\Debug\link.12356.read.1.tlog
C:\User\Jimmy\Homework_5\Debug\link.12356.write.1.tlog
C:\User\Jimmy\Homework_5\Debug\link.12356-cvtres.read.1.tlog
C:\User\Jimmy\Homework_5\Debug\link.12356-cvtres.write.1.tlog
C:\User\Jimmy\Homework_5\Debug\link.12600.read.1.tlog
C:\User\Jimmy\Homework_5\Debug\link.12600.write.1.tlog
C:\User\Jimmy\Homework_5\Debug\link.12600-cvtres.read.1.tlog
C:\User\Jimmy\Homework_5\Debug\link.12600-cvtres.write.1.tlog
C:\User\Jimmy\Homework_5\Debug\link.12876.read.1.tlog
C:\User\Jimmy\Homework_5\Debug\link.12876.write.1.tlog
C:\User\Jimmy\Homework_5\Debug\link.12876-cvtres.read.1.tlog
C:\User\Jimmy\Homework_5\Debug\link.12876-cvtres.write.1.tlog
C:\User\Jimmy\Homework_5\Debug\link.13012.read.1.tlog
C:\User\Jimmy\Homework_5\Debug\link.13012.write.1.tlog
C:\User\Jimmy\Homework_5\Debug\link.13012-cvtres.read.1.tlog
C:\User\Jimmy\Homework_5\Debug\link.13012-cvtres.write.1.tlog
C:\User\Jimmy\Homework_5\Debug\link.13160.read.1.tlog
C:\User\Jimmy\Homework_5\Debug\link.13160.write.1.tlog
C:\User\Jimmy\Homework_5\Debug\link.13160-cvtres.read.1.tlog
C:\User\Jimmy\Homework_5\Debug\link.13160-cvtres.write.1.tlog
C:\User\Jimmy\Homework_5\Debug\link.13320.read.1.tlog
C:\User\Jimmy\Homework_5\Debug\link.13320.write.1.tlog
C:\User\Jimmy\Homework_5\Debug\link.13320-cvtres.read.1.tlog
C:\User\Jimmy\Homework_5\Debug\link.13320-cvtres.write.1.tlog
C:\User\Jimmy\Homework_5\Debug\link.13348.read.1.tlog
C:\User\Jimmy\Homework_5\Debug\link.13348.write.1.tlog
C:\User\Jimmy\Homework_5\Debug\link.13348-cvtres.read.1.tlog
C:\User\Jimmy\Homework_5\Debug\link.13348-cvtres.write.1.tlog
C:\User\Jimmy\Homework_5\Debug\link.1340.read.1.tlog
C:\User\Jimmy\Homework_5\Debug\link.1340.write.1.tlog
C:\User\Jimmy\Homework_5\Debug\link.1340-cvtres.read.1.tlog
C:\User\Jimmy\Homework_5\Debug\link.1340-cvtres.write.1.tlog
C:\User\Jimmy\Homework_5\Debug\link.13596.read.1.tlog
C:\User\Jimmy\Homework_5\Debug\link.13596.write.1.tlog
C:\User\Jimmy\Homework_5\Debug\link.13596-cvtres.read.1.tlog
C:\User\Jimmy\Homework_5\Debug\link.13596-cvtres.write.1.tlog
C:\User\Jimmy\Homework_5\Debug\link.13656.read.1.tlog
C:\User\Jimmy\Homework_5\Debug\link.13656.write.1.tlog
C:\User\Jimmy\Homework_5\Debug\link.13656-cvtres.read.1.tlog
C:\User\Jimmy\Homework_5\Debug\link.13656-cvtres.write.1.tlog
C:\User\Jimmy\Homework_5\Debug\link.14248.read.1.tlog
C:\User\Jimmy\Homework_5\Debug\link.14248.write.1.tlog
C:\User\Jimmy\Homework_5\Debug\link.14248-cvtres.read.1.tlog
C:\User\Jimmy\Homework_5\Debug\link.14248-cvtres.write.1.tlog
C:\User\Jimmy\Homework_5\Debug\link.14328.read.1.tlog
C:\User\Jimmy\Homework_5\Debug\link.14328.write.1.tlog
C:\User\Jimmy\Homework_5\Debug\link.14328-cvtres.read.1.tlog
C:\User\Jimmy\Homework_5\Debug\link.14328-cvtres.write.1.tlog
C:\User\Jimmy\Homework_5\Debug\link.14404.read.1.tlog
C:\User\Jimmy\Homework_5\Debug\link.14404.write.1.tlog
C:\User\Jimmy\Homework_5\Debug\link.14404-cvtres.read.1.tlog
C:\User\Jimmy\Homework_5\Debug\link.14404-cvtres.write.1.tlog
C:\User\Jimmy\Homework_5\Debug\link.14704.read.1.tlog
C:\User\Jimmy\Homework_5\Debug\link.14704.write.1.tlog
C:\User\Jimmy\Homework_5\Debug\link.14704-cvtres.read.1.tlog
C:\User\Jimmy\Homework_5\Debug\link.14704-cvtres.write.1.tlog
C:\User\Jimmy\Homework_5\Debug\link.14948.read.1.tlog
C:\User\Jimmy\Homework_5\Debug\link.14948.write.1.tlog
C:\User\Jimmy\Homework_5\Debug\link.14948-cvtres.read.1.tlog
C:\User\Jimmy\Homework_5\Debug\link.14948-cvtres.write.1.tlog
C:\User\Jimmy\Homework_5\Debug\link.1524.read.1.tlog
C:\User\Jimmy\Homework_5\Debug\link.1524.write.1.tlog
C:\User\Jimmy\Homework_5\Debug\link.1524-cvtres.read.1.tlog
C:\User\Jimmy\Homework_5\Debug\link.1524-cvtres.write.1.tlog
C:\User\Jimmy\Homework_5\Debug\link.15308.read.1.tlog
C:\User\Jimmy\Homework_5\Debug\link.15308.write.1.tlog
C:\User\Jimmy\Homework_5\Debug\link.15308-cvtres.read.1.tlog
C:\User\Jimmy\Homework_5\Debug\link.15308-cvtres.write.1.tlog
C:\User\Jimmy\Homework_5\Debug\link.15464.read.1.tlog
C:\User\Jimmy\Homework_5\Debug\link.15464.write.1.tlog
C:\User\Jimmy\Homework_5\Debug\link.15464-cvtres.read.1.tlog
C:\User\Jimmy\Homework_5\Debug\link.15464-cvtres.write.1.tlog
C:\User\Jimmy\Homework_5\Debug\link.15568.read.1.tlog
C:\User\Jimmy\Homework_5\Debug\link.15568.write.1.tlog
C:\User\Jimmy\Homework_5\Debug\link.15568-cvtres.read.1.tlog
C:\User\Jimmy\Homework_5\Debug\link.15568-cvtres.write.1.tlog
C:\User\Jimmy\Homework_5\Debug\link.16040.read.1.tlog
C:\User\Jimmy\Homework_5\Debug\link.16040.write.1.tlog
C:\User\Jimmy\Homework_5\Debug\link.16040-cvtres.read.1.tlog
C:\User\Jimmy\Homework_5\Debug\link.16040-cvtres.write.1.tlog
C:\User\Jimmy\Homework_5\Debug\link.16116.read.1.tlog
C:\User\Jimmy\Homework_5\Debug\link.16116.write.1.tlog
C:\User\Jimmy\Homework_5\Debug\link.16116-cvtres.read.1.tlog
C:\User\Jimmy\Homework_5\Debug\link.16116-cvtres.write.1.tlog
C:\User\Jimmy\Homework_5\Debug\link.16148.read.1.tlog
C:\User\Jimmy\Homework_5\Debug\link.16148.write.1.tlog
C:\User\Jimmy\Homework_5\Debug\link.16148-cvtres.read.1.tlog
C:\User\Jimmy\Homework_5\Debug\link.16148-cvtres.write.1.tlog
C:\User\Jimmy\Homework_5\Debug\link.16164.read.1.tlog
C:\User\Jimmy\Homework_5\Debug\link.16164.write.1.tlog
C:\User\Jimmy\Homework_5\Debug\link.16164-cvtres.read.1.tlog
C:\User\Jimmy\Homework_5\Debug\link.16164-cvtres.write.1.tlog
C:\User\Jimmy\Homework_5\Debug\link.4376.read.1.tlog
C:\User\Jimmy\Homework_5\Debug\link.4376.write.1.tlog
C:\User\Jimmy\Homework_5\Debug\link.4376-cvtres.read.1.tlog
C:\User\Jimmy\Homework_5\Debug\link.4376-cvtres.write.1.tlog
C:\User\Jimmy\Homework_5\Debug\link.4624.read.1.tlog
C:\User\Jimmy\Homework_5\Debug\link.4624.write.1.tlog
C:\User\Jimmy\Homework_5\Debug\link.4624-cvtres.read.1.tlog
C:\User\Jimmy\Homework_5\Debug\link.4624-cvtres.write.1.tlog
C:\User\Jimmy\Homework_5\Debug\link.5120.read.1.tlog
C:\User\Jimmy\Homework_5\Debug\link.5120.write.1.tlog
C:\User\Jimmy\Homework_5\Debug\link.5120-cvtres.read.1.tlog
C:\User\Jimmy\Homework_5\Debug\link.5120-cvtres.write.1.tlog
C:\User\Jimmy\Homework_5\Debug\link.5484.read.1.tlog
C:\User\Jimmy\Homework_5\Debug\link.5484.write.1.tlog
C:\User\Jimmy\Homework_5\Debug\link.5484-cvtres.read.1.tlog
C:\User\Jimmy\Homework_5\Debug\link.5484-cvtres.write.1.tlog
C:\User\Jimmy\Homework_5\Debug\link.5852.read.1.tlog
C:\User\Jimmy\Homework_5\Debug\link.5852.write.1.tlog
C:\User\Jimmy\Homework_5\Debug\link.5852-cvtres.read.1.tlog
C:\User\Jimmy\Homework_5\Debug\link.5852-cvtres.write.1.tlog
C:\User\Jimmy\Homework_5\Debug\link.5904.read.1.tlog
C:\User\Jimmy\Homework_5\Debug\link.5904.write.1.tlog
C:\User\Jimmy\Homework_5\Debug\link.5904-cvtres.read.1.tlog
C:\User\Jimmy\Homework_5\Debug\link.5904-cvtres.write.1.tlog
C:\User\Jimmy\Homework_5\Debug\link.6216.read.1.tlog
C:\User\Jimmy\Homework_5\Debug\link.6216.write.1.tlog
C:\User\Jimmy\Homework_5\Debug\link.6216-cvtres.read.1.tlog
C:\User\Jimmy\Homework_5\Debug\link.6216-cvtres.write.1.tlog
C:\User\Jimmy\Homework_5\Debug\link.7180.read.1.tlog
C:\User\Jimmy\Homework_5\Debug\link.7180.write.1.tlog
C:\User\Jimmy\Homework_5\Debug\link.7180-cvtres.read.1.tlog
C:\User\Jimmy\Homework_5\Debug\link.7180-cvtres.write.1.tlog
C:\User\Jimmy\Homework_5\Debug\link.7496.read.1.tlog
C:\User\Jimmy\Homework_5\Debug\link.7496.write.1.tlog
C:\User\Jimmy\Homework_5\Debug\link.7496-cvtres.read.1.tlog
C:\User\Jimmy\Homework_5\Debug\link.7496-cvtres.write.1.tlog
C:\User\Jimmy\Homework_5\Debug\link.8032.read.1.tlog
C:\User\Jimmy\Homework_5\Debug\link.8032.write.1.tlog
C:\User\Jimmy\Homework_5\Debug\link.8032-cvtres.read.1.tlog
C:\User\Jimmy\Homework_5\Debug\link.8032-cvtres.write.1.tlog
C:\User\Jimmy\Homework_5\Debug\link.8088.read.1.tlog
C:\User\Jimmy\Homework_5\Debug\link.8088.write.1.tlog
C:\User\Jimmy\Homework_5\Debug\link.8088-cvtres.read.1.tlog
C:\User\Jimmy\Homework_5\Debug\link.8088-cvtres.write.1.tlog
C:\User\Jimmy\Homework_5\Debug\link.8188.read.1.tlog
C:\User\Jimmy\Homework_5\Debug\link.8188.write.1.tlog
C:\User\Jimmy\Homework_5\Debug\link.8188-cvtres.read.1.tlog
C:\User\Jimmy\Homework_5\Debug\link.8188-cvtres.write.1.tlog
C:\User\Jimmy\Homework_5\Debug\link.8380.read.1.tlog
C:\User\Jimmy\Homework_5\Debug\link.8380.write.1.tlog
C:\User\Jimmy\Homework_5\Debug\link.8380-cvtres.read.1.tlog
C:\User\Jimmy\Homework_5\Debug\link.8380-cvtres.write.1.tlog
C:\User\Jimmy\Homework_5\Debug\link.8564.read.1.tlog
C:\User\Jimmy\Homework_5\Debug\link.8564.write.1.tlog
C:\User\Jimmy\Homework_5\Debug\link.8564-cvtres.read.1.tlog
C:\User\Jimmy\Homework_5\Debug\link.8564-cvtres.write.1.tlog
C:\User\Jimmy\Homework_5\Debug\link.8864.read.1.tlog
C:\User\Jimmy\Homework_5\Debug\link.8864.write.1.tlog
C:\User\Jimmy\Homework_5\Debug\link.8864-cvtres.read.1.tlog
C:\User\Jimmy\Homework_5\Debug\link.8864-cvtres.write.1.tlog
C:\User\Jimmy\Homework_5\Debug\link.9700.read.1.tlog
C:\User\Jimmy\Homework_5\Debug\link.9700.write.1.tlog
C:\User\Jimmy\Homework_5\Debug\link.9700-cvtres.read.1.tlog
C:\User\Jimmy\Homework_5\Debug\link.9700-cvtres.write.1.tlog
C:\User\Jimmy\Homework_5\Debug\link.command.1.tlog
C:\User\Jimmy\Homework_5\Debug\link.read.1.tlog
C:\User\Jimmy\Homework_5\Debug\link.write.1.tlog
C:\USER\JIMMY\HOMEWORK_5\DEBUG\LOCOMOTOR.OBJ
C:\User\Jimmy\Homework_5\Debug\metagen.read.1.tlog
C:\User\Jimmy\Homework_5\Debug\metagen.write.1.tlog
C:\User\Jimmy\Homework_5\Debug\mt.command.1.tlog
C:\User\Jimmy\Homework_5\Debug\mt.read.1.tlog
C:\User\Jimmy\Homework_5\Debug\mt.write.1.tlog
C:\USER\JIMMY\HOMEWORK_5\DEBUG\ORDERITEM.OBJ
C:\USER\JIMMY\HOMEWORK_5\DEBUG\PRODUCT.OBJ
C:\User\Jimmy\Homework_5\Debug\rc.command.1.tlog
C:\User\Jimmy\Homework_5\Debug\rc.read.1.tlog
C:\User\Jimmy\Homework_5\Debug\rc.write.1.tlog
C:\USER\JIMMY\HOMEWORK_5\DEBUG\ROBOTCATALOG.OBJ
C:\USER\JIMMY\HOMEWORK_5\DEBUG\ROBOTMODEL.OBJ
C:\USER\JIMMY\HOMEWORK_5\DEBUG\ROBOTPART.OBJ
C:\USER\JIMMY\HOMEWORK_5\DEBUG\ROBOTSHOP.OBJ
C:\User\Jimmy\Homework_5\Debug\RSAENH.DLL.bi
C:\USER\JIMMY\HOMEWORK_5\DEBUG\SALES.OBJ
C:\USER\JIMMY\HOMEWORK_5\DEBUG\SALESASSOC.OBJ
C:\USER\JIMMY\HOMEWORK_5\DEBUG\SALESORDER.OBJ
C:\USER\JIMMY\HOMEWORK_5\DEBUG\STDAFX.OBJ
C:\USER\JIMMY\HOMEWORK_5\DEBUG\TESTCASE.OBJ
C:\USER\JIMMY\HOMEWORK_5\DEBUG\TORSO.OBJ
C:\User\Jimmy\Homework_5\Debug\TZRES.DLL.bi
C:\USER\JIMMY\HOMEWORK_5\DEBUG\UTILITY.OBJ
C:\USER\JIMMY\HOMEWORK_5\DEBUG\VC100.PDB
